TN:
SF:/home/vet/c/C5_s21_decimal-2/src/multiplication.c
FN:5,s21_mul
FNDA:89,s21_mul
DA:5,89
DA:6,89
DA:7,89
DA:8,88
DA:9,88
DA:10,88
DA:11,88
DA:13,88
DA:14,88
DA:15,352
DA:16,1056
DA:17,792
DA:18,792
DA:19,792
DA:20,792
DA:21,792
DA:23,264
DA:24,264
DA:27,88
DA:28,88
DA:29,88
DA:30,88
DA:31,84
DA:34,1
DA:35,89
end_of_record
TN:
SF:/home/vet/c/C5_s21_decimal-2/src/converters.c
FN:17,s21_from_int_to_decimal
FNDA:8,s21_from_int_to_decimal
FN:35,s21_from_float_to_decimal
FNDA:25,s21_from_float_to_decimal
FN:85,s21_from_decimal_to_int
FNDA:29,s21_from_decimal_to_int
FN:115,s21_from_decimal_to_float
FNDA:5,s21_from_decimal_to_float
FN:131,increase_scale_to_zero
FNDA:20,increase_scale_to_zero
FN:141,decrease_scale_to_zero
FNDA:20,decrease_scale_to_zero
FN:170,is_nan
FNDA:23,is_nan
FN:180,is_inf
FNDA:25,is_inf
DA:17,8
DA:18,8
DA:19,8
DA:20,35
DA:21,28
DA:23,7
DA:24,3
DA:25,3
DA:26,3
DA:28,7
DA:30,1
DA:32,8
DA:35,25
DA:36,25
DA:37,25
DA:38,25
DA:39,25
DA:40,25
DA:41,5
DA:43,25
DA:44,20
DA:45,200
DA:46,180
DA:47,4
DA:48,4
DA:49,4
DA:51,180
DA:52,140
DA:53,40
DA:54,20
DA:55,20
DA:56,7
DA:58,20
DA:59,20
DA:60,20
DA:61,20
DA:62,20
DA:63,20
DA:67,20
DA:68,20
DA:69,20
DA:70,20
DA:71,20
DA:72,4
DA:73,0
DA:75,20
DA:76,20
DA:78,0
DA:79,0
DA:82,25
DA:85,29
DA:86,29
DA:87,29
DA:88,28
DA:89,28
DA:90,28
DA:92,170
DA:93,142
DA:94,142
DA:96,142
DA:97,142
DA:99,142
DA:100,142
DA:103,28
DA:104,26
DA:105,6
DA:106,6
DA:109,28
DA:111,1
DA:112,29
DA:115,5
DA:116,5
DA:117,5
DA:118,4
DA:119,16
DA:120,12
DA:122,4
DA:123,4
DA:124,4
DA:125,4
DA:127,1
DA:128,5
DA:131,20
DA:133,89
DA:134,69
DA:135,69
DA:136,69
DA:138,20
DA:141,20
DA:143,20
DA:144,20
DA:145,20
DA:147,55
DA:148,35
DA:149,35
DA:150,3
DA:151,32
DA:152,2
DA:154,35
DA:157,20
DA:158,118
DA:159,98
DA:160,98
DA:163,80
DA:164,60
DA:167,20
DA:170,23
DA:175,23
DA:176,25
DA:177,2
DA:180,25
DA:185,25
DA:186,29
DA:187,4
end_of_record
TN:
SF:/home/vet/c/C5_s21_decimal-2/src/comparison.c
FN:3,s21_is_equal
FNDA:9,s21_is_equal
FN:17,s21_is_not_equal
FNDA:4,s21_is_not_equal
FN:21,s21_is_greater
FNDA:9,s21_is_greater
FN:39,s21_is_less
FNDA:3,s21_is_less
FN:44,s21_is_less_or_equal
FNDA:1,s21_is_less_or_equal
FN:48,s21_is_greater_or_equal
FNDA:1,s21_is_greater_or_equal
DA:3,9
DA:4,9
DA:5,9
DA:6,9
DA:7,9
DA:8,9
DA:9,9
DA:10,16
DA:11,7
DA:12,2
DA:14,9
DA:17,4
DA:18,4
DA:21,9
DA:22,9
DA:23,9
DA:24,9
DA:25,9
DA:26,9
DA:27,9
DA:28,9
DA:29,2
DA:31,7
DA:32,7
DA:33,4
DA:36,9
DA:39,3
DA:40,6
DA:41,3
DA:44,1
DA:45,1
DA:48,1
DA:49,1
end_of_record
TN:
SF:/home/vet/c/C5_s21_decimal-2/src/division.c
FN:3,big_div_big
FNDA:279,big_div_big
FN:25,s21_div
FNDA:6,s21_div
DA:3,279
DA:5,279
DA:6,279
DA:7,2232
DA:8,1953
DA:10,9320
DA:11,9041
DA:12,9041
DA:14,9041
DA:15,4149
DA:16,4149
DA:17,4149
DA:19,4892
DA:22,279
DA:25,6
DA:26,6
DA:27,6
DA:28,6
DA:29,6
DA:30,6
DA:31,0
DA:32,6
DA:33,1
DA:34,5
DA:35,0
DA:37,5
DA:38,5
DA:39,17
DA:40,6
DA:41,6
DA:42,6
DA:43,6
DA:45,5
DA:46,63
DA:48,58
DA:49,58
DA:50,58
DA:53,5
DA:54,5
DA:55,5
DA:57,0
DA:59,5
DA:60,2
DA:62,3
DA:64,5
DA:65,5
DA:66,5
DA:69,6
end_of_record
TN:
SF:/home/vet/c/C5_s21_decimal-2/src/other.c
FN:3,s21_truncate
FNDA:9,s21_truncate
FN:18,s21_negate
FNDA:3,s21_negate
FN:24,s21_floor
FNDA:3,s21_floor
FN:41,s21_round
FNDA:3,s21_round
DA:3,9
DA:4,9
DA:5,9
DA:6,9
DA:7,9
DA:8,43
DA:9,36
DA:12,9
DA:13,9
DA:14,9
DA:15,9
DA:18,3
DA:19,3
DA:20,3
DA:21,3
DA:24,3
DA:25,3
DA:26,3
DA:27,3
DA:28,3
DA:29,3
DA:30,3
DA:31,3
DA:32,2
DA:33,1
DA:34,1
DA:38,3
DA:41,3
DA:42,3
DA:43,3
DA:44,3
DA:45,3
DA:46,3
DA:47,3
DA:48,3
DA:49,0
DA:50,3
DA:51,3
DA:52,3
DA:53,5
DA:54,2
DA:55,3
DA:56,3
DA:58,0
DA:64,3
end_of_record
TN:
SF:/home/vet/c/C5_s21_decimal-2/src/service.c
FN:3,check_bit
FNDA:9885925,check_bit
FN:7,set_bit
FNDA:991848,set_bit
FN:12,check_sign
FNDA:599,check_sign
FN:14,set_sign
FNDA:520,set_sign
FN:18,get_scale
FNDA:721,get_scale
FN:20,set_scale
FNDA:456,set_scale
FN:24,is_not_null
FNDA:77,is_not_null
FN:32,shift_big_decimal
FNDA:18456,shift_big_decimal
FN:55,to_big
FNDA:149,to_big
FN:62,is_overflow
FNDA:189,is_overflow
FN:72,can_convert
FNDA:116,can_convert
FN:100,from_big
FNDA:121,from_big
FN:125,big_plus_big
FNDA:207,big_plus_big
FN:137,big_minus_big
FNDA:4162,big_minus_big
FN:149,big_x10
FNDA:185,big_x10
FN:154,big_div10
FNDA:213,big_div10
FN:159,normalization
FNDA:45,normalization
FN:174,get_width
FNDA:285,get_width
FN:183,big_mantissa_is_less
FNDA:15,big_mantissa_is_less
FN:193,big_mantissa_is_less_or_equal
FNDA:3,big_mantissa_is_less_or_equal
FN:203,big_mantissa_is_greater
FNDA:24,big_mantissa_is_greater
FN:213,big_mantissa_is_greater_or_equal
FNDA:9056,big_mantissa_is_greater_or_equal
FN:223,big_mantissa_is_equal
FNDA:36,big_mantissa_is_equal
FN:231,big_mantissa_is_not_equal
FNDA:3,big_mantissa_is_not_equal
DA:3,9885925
DA:4,9885925
DA:7,991848
DA:8,1020800
DA:9,991848
DA:10,991848
DA:12,599
DA:14,520
DA:15,520
DA:16,520
DA:18,721
DA:20,456
DA:21,456
DA:22,456
DA:24,77
DA:25,7
DA:26,7
DA:27,5
DA:29,84
DA:32,18456
DA:33,18456
DA:34,36916
DA:35,18460
DA:36,147680
DA:37,129220
DA:38,129220
DA:39,129220
DA:40,129220
DA:42,0
DA:43,0
DA:44,0
DA:45,0
DA:46,0
DA:47,0
DA:50,18460
DA:52,18456
DA:55,149
DA:56,149
DA:57,596
DA:58,149
DA:59,149
DA:62,189
DA:63,189
DA:64,945
DA:65,756
DA:66,23
DA:69,189
DA:72,116
DA:73,116
DA:74,116
DA:75,116
DA:76,116
DA:78,129
DA:79,13
DA:80,13
DA:81,13
DA:82,5
DA:83,3
DA:85,8
DA:86,1
DA:88,13
DA:90,116
DA:91,4
DA:92,1
DA:94,3
DA:97,116
DA:100,121
DA:101,121
DA:102,121
DA:103,121
DA:104,121
DA:106,131
DA:107,10
DA:108,10
DA:109,10
DA:110,5
DA:111,2
DA:113,5
DA:114,3
DA:116,10
DA:118,121
DA:119,484
DA:120,121
DA:121,121
DA:122,121
DA:125,207
DA:126,207
DA:127,207
DA:128,46575
DA:129,46368
DA:130,46368
DA:131,46368
DA:133,207
DA:134,207
DA:137,4162
DA:138,4162
DA:139,4162
DA:140,936450
DA:141,932288
DA:142,932288
DA:143,932288
DA:145,4162
DA:146,4162
DA:149,185
DA:150,185
DA:154,213
DA:155,213
DA:156,213
DA:159,45
DA:160,45
DA:162,158
DA:163,113
DA:164,113
DA:165,113
DA:167,53
DA:168,8
DA:169,8
DA:170,8
DA:172,45
DA:174,285
DA:175,285
DA:176,55267
DA:177,54982
DA:179,285
DA:183,15
DA:184,15
DA:185,2848
DA:186,5666
DA:187,5657
DA:188,2824
DA:190,15
DA:193,3
DA:194,3
DA:195,661
DA:196,1316
DA:197,1315
DA:198,657
DA:200,3
DA:203,24
DA:204,24
DA:205,4886
DA:206,9724
DA:207,9712
DA:208,4850
DA:210,24
DA:213,9056
DA:214,9056
DA:215,1964847
DA:216,3911582
DA:217,3907651
DA:218,1951860
DA:220,9056
DA:223,36
DA:224,36
DA:225,7464
DA:226,7428
DA:228,36
DA:231,3
DA:232,3
DA:233,533
DA:234,530
DA:236,3
end_of_record
TN:
SF:/home/vet/c/C5_s21_decimal-2/src/addition.c
FN:3,s21_add
FNDA:23,s21_add
FN:33,s21_sub
FNDA:18,s21_sub
DA:3,23
DA:4,23
DA:5,23
DA:6,0
DA:8,23
DA:9,23
DA:10,23
DA:11,23
DA:12,23
DA:13,11
DA:14,11
DA:16,12
DA:17,10
DA:18,10
DA:19,2
DA:20,2
DA:21,2
DA:24,23
DA:25,23
DA:26,23
DA:27,23
DA:30,23
DA:33,18
DA:34,18
DA:35,18
end_of_record
